2023-02-12 19:01:47,561 - INFO - 悲伤荷包蛋 信息写入csv文件完毕，保存路径: F:\FinalProject\crawler\weibo-crawler\weibo\users.csv
2023-02-12 19:01:47,562 - INFO - 准备搜集 悲伤荷包蛋 的微博
2023-02-12 19:01:47,934 - INFO - 已获取用户 悲伤荷包蛋 的微博，内容为 向日葵 悲伤荷包蛋的微博视频 
2023-02-12 19:01:47,934 - INFO - 已获取用户 悲伤荷包蛋 的微博，内容为 眼泪 
2023-02-12 19:01:47,935 - INFO - 已获取用户 悲伤荷包蛋 的微博，内容为 跟我说完一件事后面问我一句好不好，我会感觉晕晕 
2023-02-12 19:01:47,935 - INFO - 已获取用户 悲伤荷包蛋 的微博，内容为 喝不了一点儿，偏头痛要收我命似的 
2023-02-12 19:01:47,943 - INFO - 已获取用户 悲伤荷包蛋 的微博，内容为 不知道，感觉我的人生就是用来搞效果的，发生的每一件事都带着问号 
2023-02-12 19:01:47,944 - INFO - 已获取用户 悲伤荷包蛋 的微博，内容为 回到家，一个人没有，前夫哥留下了经典菜肴和一封信走了，感觉装逼 
2023-02-12 19:01:47,945 - INFO - 已获取用户 悲伤荷包蛋 的微博，内容为 被广图美晕，溜几张 ·͜·♡ 
2023-02-12 19:01:47,945 - INFO - 已获取用户 悲伤荷包蛋 的微博，内容为 好不容易睡着，做噩梦了，我杀…………… 
2023-02-12 19:01:47,946 - INFO - 已获取用户 悲伤荷包蛋 的微博，内容为 我真的感觉心脏要从胸口里跳出来 
2023-02-12 19:01:47,947 - INFO - 已获取用户 悲伤荷包蛋 的微博，内容为 明天要回杭州了，，， 
2023-02-12 19:01:47,947 - INFO - ------------------------------已获取悲伤荷包蛋(7648703289)的第1页微博------------------------------
2023-02-12 19:01:58,417 - INFO - 已获取用户 悲伤荷包蛋 的微博，内容为 `ヘ´ 
2023-02-12 19:01:58,418 - INFO - 已获取用户 悲伤荷包蛋 的微博，内容为 感觉妈咪 
2023-02-12 19:01:58,418 - INFO - 已获取用户 悲伤荷包蛋 的微博，内容为 好久没上午睡醒，困困 
2023-02-12 19:01:58,418 - INFO - 已获取用户 悲伤荷包蛋 的微博，内容为 我每次上街： 
2023-02-12 19:01:58,419 - INFO - 已获取用户 悲伤荷包蛋 的微博，内容为 可爱…• ·̭ •̥ 
2023-02-12 19:01:58,419 - INFO - 已获取用户 悲伤荷包蛋 的微博，内容为 乖乖， 
2023-02-12 19:01:58,420 - INFO - 已获取用户 悲伤荷包蛋 的微博，内容为 刷到咒相关点进主页发现已被拉黑、生而为人人喊打的虎嬷，我很抱歉 
2023-02-12 19:01:58,421 - INFO - 已获取用户 悲伤荷包蛋 的微博，内容为 分享图片 
2023-02-12 19:01:58,421 - INFO - 已获取用户 悲伤荷包蛋 的微博，内容为 伤感ing，cpsp找不到妆娘，老婆们谁给我推下还接单的广州妆娘，能过来酒店的那种，价格好说 
2023-02-12 19:01:58,422 - INFO - ------------------------------已获取悲伤荷包蛋(7648703289)的第2页微博------------------------------
2023-02-12 19:01:58,804 - INFO - 已获取用户 悲伤荷包蛋 的微博，内容为 分咯！分了有一段时间了，爱来爱去爱到最后不知道在爱什么，还是想跟你们说一声 
2023-02-12 19:01:58,804 - INFO - 已获取用户 悲伤荷包蛋 的微博，内容为 三天没睡了六小时，好美的睡眠 
2023-02-12 19:01:58,805 - INFO - 已获取用户 悲伤荷包蛋 的微博，内容为 行了 
2023-02-12 19:01:58,806 - INFO - 已获取用户 悲伤荷包蛋 的微博，内容为 11号有灵能only！好想……好想……… 
2023-02-12 19:01:58,807 - INFO - 已获取用户 悲伤荷包蛋 的微博，内容为 分享视频 悲伤荷包蛋的微博视频 
2023-02-12 19:01:58,807 - INFO - 已获取用户 悲伤荷包蛋 的微博，内容为 笑晕，和朋友在唱k，唱的歌像五个人加起来失了八千次恋 
2023-02-12 19:01:58,808 - INFO - 已获取用户 悲伤荷包蛋 的微博，内容为 带了几套衣服回老家打算拍多点美照，结果回来喝了一场酒虚到今天，明天就要上广州了，我到底在干嘛！ 
2023-02-12 19:01:58,809 - INFO - 已获取用户 悲伤荷包蛋 的微博，内容为 你为什么把虎杖悠仁画成主角？你为什么把虎杖悠仁画成主角？你为什么把虎杖悠仁画成主角？你为什么把虎杖悠仁画成主角？你为什么把虎杖悠仁画成主角？你为什么把虎杖悠仁画成主角？你为什么把虎杖悠仁画成主角？你为什么把虎杖悠仁画成主角？你为什么把虎杖悠仁画成主角？ 
2023-02-12 19:01:58,810 - INFO - ------------------------------已获取悲伤荷包蛋(7648703289)的第3页微博------------------------------
2023-02-12 19:02:07,157 - INFO - 已获取用户 悲伤荷包蛋 的微博，内容为 分享图片 
2023-02-12 19:02:07,157 - INFO - 已获取用户 悲伤荷包蛋 的微博，内容为 操。。。。。。。。。。。。。 
2023-02-12 19:02:07,158 - INFO - 已获取用户 悲伤荷包蛋 的微博，内容为 我又被虐恋，为什么hzyr你是主角，为什么你是一个主角还要被画成这样，我要杀了全世界 
2023-02-12 19:02:07,159 - INFO - 已获取用户 悲伤荷包蛋 的微博，内容为 我喝了营养粉，还是越来越瘦，有时候摸着身上的骨头，我有点难过 
2023-02-12 19:02:07,159 - INFO - 已获取用户 悲伤荷包蛋 的微博，内容为 感觉最近睡前刷到了两百条cos委托…什么意思啊！ 
2023-02-12 19:02:07,160 - INFO - 已获取用户 悲伤荷包蛋 的微博，内容为 刚刷到咒的谷我才想起来一年前还是什么时候进了很多咒的群，d了很多虎的谷，但那段时间精神状态太差了记不起来这些事情了。。现在才猛地想起来。。。妈妈对不起你。。。 
2023-02-12 19:02:07,161 - INFO - 已获取用户 悲伤荷包蛋 的微博，内容为 想…染…头…发…额…啊…… 
2023-02-12 19:02:07,162 - INFO - 已获取用户 悲伤荷包蛋 的微博，内容为 ………………………感觉这男的是全家已经死了//@这个世界真没救儿了:真能摸吗
2023-02-12 19:02:07,162 - INFO - 已获取用户 悲伤荷包蛋 的微博，内容为 … 
2023-02-12 19:02:07,163 - INFO - 已获取用户 悲伤荷包蛋 的微博，内容为 已到场强势支持楚雨寻与老洪的事业（指到她们摊位捣乱） 
2023-02-12 19:02:07,163 - INFO - ------------------------------已获取悲伤荷包蛋(7648703289)的第4页微博------------------------------
2023-02-12 19:02:07,744 - INFO - 已获取用户 悲伤荷包蛋 的微博，内容为 以后不知道怎么和别的男的聊天，前几天有男生给我发歌，我心想怎么到了这个环节，我也要装一下，我点开我听的歌，歌词在唱： 
2023-02-12 19:02:07,745 - INFO - 已获取用户 悲伤荷包蛋 的微博，内容为 ？属实有点荒谬了 
2023-02-12 19:02:07,745 - INFO - 已获取用户 悲伤荷包蛋 的微博，内容为 他问我最想要的是什么，我说是惊天动地的一秒 
2023-02-12 19:02:07,746 - INFO - 已获取用户 悲伤荷包蛋 的微博，内容为 最近突然刷到好多乙游，吓鼠，我马上又要坠入爱河，这种事情不要啊 
2023-02-12 19:02:08,036 - INFO - 已获取用户 悲伤荷包蛋 的微博，内容为 转发微博
2023-02-12 19:02:08,036 - INFO - 已获取用户 悲伤荷包蛋 的微博，内容为 别太美丽 
2023-02-12 19:02:08,037 - INFO - 已获取用户 悲伤荷包蛋 的微博，内容为 好美的爱情 
2023-02-12 19:02:08,038 - INFO - 已获取用户 悲伤荷包蛋 的微博，内容为 发发没发过的，像很精致的垃圾 
2023-02-12 19:02:08,038 - INFO - 已获取用户 悲伤荷包蛋 的微博，内容为 现在才看到二月有cpsp，要去！二月回杭州搬完家去重庆玩然后去cpsp！好！好！我又好起来了 
2023-02-12 19:02:08,039 - INFO - 已获取用户 悲伤荷包蛋 的微博，内容为 gogogo——！！！！ 
2023-02-12 19:02:08,040 - INFO - ------------------------------已获取悲伤荷包蛋(7648703289)的第5页微博------------------------------
2023-02-12 19:02:08,382 - INFO - 已获取用户 悲伤荷包蛋 的微博，内容为 💧… 
2023-02-12 19:02:08,384 - INFO - 已获取用户 悲伤荷包蛋 的微博，内容为 手机后面玻璃碎了总是划破我的手，喝了酒手机壳也不知道丢哪里去了 
2023-02-12 19:02:08,385 - INFO - 已获取用户 悲伤荷包蛋 的微博，内容为 喝红红咯 
2023-02-12 19:02:08,385 - INFO - 已获取用户 悲伤荷包蛋 的微博，内容为 其实我现在甚至连打开日记都会想吐，但我还是在写，我记性太差了，我要记住，我一定要记住。 
2023-02-12 19:02:08,386 - INFO - 已获取用户 悲伤荷包蛋 的微博，内容为 起飞前才发现原来今天下雨了，我在机场因为又快要误机了一直在飞奔没注意到，也没有好好说再见还看到好多烟花在地面一闪一闪- ̗̀ ෆ( ˶'ᵕ'˶)ෆ ̖́- 
2023-02-12 19:02:08,386 - INFO - 已获取用户 悲伤荷包蛋 的微博，内容为 我终于到了…心慌差点没在飞机上把手指抠烂 
2023-02-12 19:02:08,387 - INFO - 已获取用户 悲伤荷包蛋 的微博，内容为 renren…🥺🤲🏻 
2023-02-12 19:02:08,388 - INFO - 已获取用户 悲伤荷包蛋 的微博，内容为 bong～bong～bong～ 
2023-02-12 19:02:08,388 - INFO - 已获取用户 悲伤荷包蛋 的微博，内容为 又到了有点害怕热闹节日的时候 
2023-02-12 19:02:08,389 - INFO - 已获取用户 悲伤荷包蛋 的微博，内容为 人前：忧郁，小声外放emoの小曲人后：oh～come on baby～i wanna get down～～～with your body on me～yeah！yeah！yeah！yeah！yeah！ 
2023-02-12 19:02:08,389 - INFO - ------------------------------已获取悲伤荷包蛋(7648703289)的第6页微博------------------------------
2023-02-12 19:02:08,756 - INFO - 已获取用户 悲伤荷包蛋 的微博，内容为 omg，shuca 
2023-02-12 19:02:08,756 - INFO - 已获取用户 悲伤荷包蛋 的微博，内容为 爱上阳角是我的命运我了解 
2023-02-12 19:02:08,757 - INFO - 已获取用户 悲伤荷包蛋 的微博，内容为 还有好多话想对你说 悲伤荷包蛋的微博视频 
2023-02-12 19:02:08,757 - INFO - 已获取用户 悲伤荷包蛋 的微博，内容为 这么活 
2023-02-12 19:02:08,758 - INFO - 已获取用户 悲伤荷包蛋 的微博，内容为 这回真life is a fucking movie了 
2023-02-12 19:02:09,089 - INFO - 已获取用户 悲伤荷包蛋 的微博，内容为 “不是因为可爱才喜欢你的，是喜欢所以觉得你很可爱🎵～” 
2023-02-12 19:02:09,089 - INFO - 已获取用户 悲伤荷包蛋 的微博，内容为 十分经典的起不来床…我的野餐…明天一定… 
2023-02-12 19:02:09,090 - INFO - 已获取用户 悲伤荷包蛋 的微博，内容为 终于又病好了，明天出发野餐！耶！ 
2023-02-12 19:02:09,090 - INFO - 已获取用户 悲伤荷包蛋 的微博，内容为 上次发朋友圈居然是一个多月前，多混沌的十二月 
2023-02-12 19:02:09,091 - INFO - 已获取用户 悲伤荷包蛋 的微博，内容为 好漂亮哦… 
2023-02-12 19:02:09,091 - INFO - ------------------------------已获取悲伤荷包蛋(7648703289)的第7页微博------------------------------
2023-02-12 19:08:20,334 - WARNING - 系统中可能没有安装或启动MongoDB数据库，请先根据系统环境安装或启动MongoDB，再运行程序
